c:\users\tadhg\desktop\vkexamples_final\src\x64\debug\vc142.pdb
c:\users\tadhg\desktop\vkexamples_final\src\x64\debug\vc142.idb
c:\users\tadhg\desktop\vkexamples_final\src\x64\debug\main.obj
c:\users\tadhg\desktop\vkexamples_final\src\x64\debug\hello_vulkan.obj
c:\users\tadhg\desktop\vkexamples_final\src\x64\debug\imgui_widgets.obj
c:\users\tadhg\desktop\vkexamples_final\src\x64\debug\imgui_impl_vulkan.obj
c:\users\tadhg\desktop\vkexamples_final\src\x64\debug\imgui_impl_glfw.obj
c:\users\tadhg\desktop\vkexamples_final\src\x64\debug\imgui_draw.obj
c:\users\tadhg\desktop\vkexamples_final\src\x64\debug\imgui_demo.obj
c:\users\tadhg\desktop\vkexamples_final\src\x64\debug\imgui.obj
c:\users\tadhg\desktop\vkexamples_final\src\x64\debug\obj_loader.obj
c:\users\tadhg\desktop\vkexamples_final\src\x64\debug\manipulator.obj
c:\users\tadhg\desktop\vkexamples_final\src\x64\debug\images_vkpp.obj
c:\users\tadhg\desktop\vkexamples_final\src\x64\debug\context_vkpp.obj
c:\users\tadhg\desktop\vkexamples_final\x64\debug\vkexample1.ilk
c:\users\tadhg\desktop\vkexamples_final\x64\debug\vkexample1.exe
c:\users\tadhg\desktop\vkexamples_final\x64\debug\vkexample1.pdb
c:\users\tadhg\desktop\vkexamples_final\src\x64\debug\vkexample1.tlog\cl.command.1.tlog
c:\users\tadhg\desktop\vkexamples_final\src\x64\debug\vkexample1.tlog\cl.read.1.tlog
c:\users\tadhg\desktop\vkexamples_final\src\x64\debug\vkexample1.tlog\cl.write.1.tlog
c:\users\tadhg\desktop\vkexamples_final\src\x64\debug\vkexample1.tlog\link.command.1.tlog
c:\users\tadhg\desktop\vkexamples_final\src\x64\debug\vkexample1.tlog\link.read.1.tlog
c:\users\tadhg\desktop\vkexamples_final\src\x64\debug\vkexample1.tlog\link.write.1.tlog
